[23:09:46] [main/INFO] (FabricLoader/GameProvider) Loading for game Minecraft 1.17.1
[23:09:47] [main/INFO] (FabricLoader) Loading 52 mods:
	- fabric 0.42.1+1.17
	- fabric-api-base 0.4.0+5847535018
	- fabric-api-lookup-api-v1 1.3.1+5847535018
	- fabric-biome-api-v1 3.2.2+5847535018
	- fabric-blockrenderlayer-v1 1.1.6+5847535018
	- fabric-command-api-v1 1.1.4+5847535018
	- fabric-commands-v0 0.2.3+5847535018
	- fabric-containers-v0 0.1.13+5847535018
	- fabric-content-registries-v0 0.3.1+5847535018
	- fabric-crash-report-info-v1 0.1.6+5847535018
	- fabric-dimensions-v1 2.0.13+5847535018
	- fabric-entity-events-v1 1.3.1+5847535018
	- fabric-events-interaction-v0 0.4.11+5847535018
	- fabric-events-lifecycle-v0 0.2.2+5847535018
	- fabric-game-rule-api-v1 1.0.8+5847535018
	- fabric-gametest-api-v1 1.0.2+5847535018
	- fabric-item-api-v1 1.2.5+5847535018
	- fabric-item-groups-v0 0.3.1+5847535018
	- fabric-key-binding-api-v1 1.0.5+5847535018
	- fabric-keybindings-v0 0.2.3+5847535018
	- fabric-lifecycle-events-v1 1.4.5+5847535018
	- fabric-loot-tables-v1 1.0.5+5847535018
	- fabric-mining-level-api-v1 1.0.2+6d0fac4218
	- fabric-mining-levels-v0 0.1.5+6d0fac4218
	- fabric-models-v0 0.3.1+5847535018
	- fabric-networking-api-v1 1.0.14+5847535018
	- fabric-networking-blockentity-v0 0.2.12+5847535018
	- fabric-networking-v0 0.3.3+5847535018
	- fabric-object-builder-api-v1 1.10.11+6d0fac4218
	- fabric-object-builders-v0 0.7.5+6d0fac4218
	- fabric-particles-v1 0.2.5+5847535018
	- fabric-registry-sync-v0 0.7.13+5847535018
	- fabric-renderer-api-v1 0.4.5+5847535018
	- fabric-renderer-indigo 0.4.9+5847535018
	- fabric-renderer-registries-v1 3.2.6+6d0fac4218
	- fabric-rendering-data-attachment-v1 0.1.6+5847535018
	- fabric-rendering-fluids-v1 0.2.1+6d0fac4218
	- fabric-rendering-v0 1.1.7+6d0fac4218
	- fabric-rendering-v1 1.10.1+6d0fac4218
	- fabric-resource-loader-v0 0.4.9+5847535018
	- fabric-screen-api-v1 1.0.5+5847535018
	- fabric-screen-handler-api-v1 1.1.9+5847535018
	- fabric-structure-api-v1 1.1.14+5847535018
	- fabric-tag-extensions-v0 1.2.2+5847535018
	- fabric-textures-v0 1.0.7+5847535018
	- fabric-tool-attribute-api-v1 1.3.1+eb76084f18
	- fabric-transfer-api-v1 1.5.1+6d0fac4218
	- fabricloader 0.12.5
	- geckolib3 3.0.26
	- java 16
	- losers_bracket 1.17.1-0.0.1
	- minecraft 1.17.1
[23:09:47] [main/INFO] (FabricLoader/Mixin) SpongePowered MIXIN Subsystem Version=0.8.4 Source=file:/C:/Users/Baxter/.gradle/caches/modules-2/files-2.1/net.fabricmc/sponge-mixin/0.10.6+mixin.0.8.4/71f8ab094808b8ca0d7b572413642c88170bef0d/sponge-mixin-0.10.6+mixin.0.8.4.jar Service=Knot/Fabric Env=CLIENT
[23:09:48] [main/INFO] (FabricLoader/Mixin) Loaded Fabric development mappings for mixin remapper!
[23:09:48] [main/INFO] (FabricLoader/Mixin) Compatibility level set to JAVA_16
[23:09:51] [main/WARN] (FileUtil) Configuration conflict: there is more than one oshi.properties file on the classpath
[23:09:52] [main/WARN] (FileUtil) Configuration conflict: there is more than one oshi.architecture.properties file on the classpath
[23:10:08] [Render thread/INFO] (Minecraft) Environment: authHost='https://authserver.mojang.com', accountsHost='https://api.mojang.com', sessionHost='https://sessionserver.mojang.com', servicesHost='https://api.minecraftservices.com', name='PROD'
[23:10:10] [Render thread/ERROR] (Minecraft) Failed to verify authentication
com.mojang.authlib.exceptions.InvalidCredentialsException: Status: 401
	at com.mojang.authlib.exceptions.MinecraftClientHttpException.toAuthenticationException(MinecraftClientHttpException.java:56) ~[authlib-2.3.31.jar:?]
	at com.mojang.authlib.yggdrasil.YggdrasilSocialInteractionsService.checkPrivileges(YggdrasilSocialInteractionsService.java:112) ~[authlib-2.3.31.jar:?]
	at com.mojang.authlib.yggdrasil.YggdrasilSocialInteractionsService.<init>(YggdrasilSocialInteractionsService.java:42) ~[authlib-2.3.31.jar:?]
	at com.mojang.authlib.yggdrasil.YggdrasilAuthenticationService.createSocialInteractionsService(YggdrasilAuthenticationService.java:151) ~[authlib-2.3.31.jar:?]
	at net.minecraft.client.MinecraftClient.createSocialInteractionsService(MinecraftClient.java:683) [minecraft-1.17.1-mapped-net.fabricmc.yarn-1.17.1+build.14-v2.jar:?]
	at net.minecraft.client.MinecraftClient.<init>(MinecraftClient.java:496) [minecraft-1.17.1-mapped-net.fabricmc.yarn-1.17.1+build.14-v2.jar:?]
	at net.minecraft.client.main.Main.main(Main.java:153) [minecraft-1.17.1-mapped-net.fabricmc.yarn-1.17.1+build.14-v2.jar:?]
	at jdk.internal.reflect.NativeMethodAccessorImpl.invoke0(Native Method) ~[?:?]
	at jdk.internal.reflect.NativeMethodAccessorImpl.invoke(NativeMethodAccessorImpl.java:78) ~[?:?]
	at jdk.internal.reflect.DelegatingMethodAccessorImpl.invoke(DelegatingMethodAccessorImpl.java:43) ~[?:?]
	at java.lang.reflect.Method.invoke(Method.java:567) ~[?:?]
	at net.fabricmc.loader.impl.game.minecraft.MinecraftGameProvider.launch(MinecraftGameProvider.java:568) [fabric-loader-0.12.5.jar:?]
	at net.fabricmc.loader.impl.launch.knot.Knot.launch(Knot.java:74) [fabric-loader-0.12.5.jar:?]
	at net.fabricmc.loader.impl.launch.knot.KnotClient.main(KnotClient.java:23) [fabric-loader-0.12.5.jar:?]
	at net.fabricmc.devlaunchinjector.Main.main(Main.java:86) [dev-launch-injector-0.2.1+build.8.jar:?]
Caused by: com.mojang.authlib.exceptions.MinecraftClientHttpException: Status: 401
	at com.mojang.authlib.minecraft.client.MinecraftClient.readInputStream(MinecraftClient.java:77) ~[authlib-2.3.31.jar:?]
	at com.mojang.authlib.minecraft.client.MinecraftClient.get(MinecraftClient.java:47) ~[authlib-2.3.31.jar:?]
	at com.mojang.authlib.yggdrasil.YggdrasilSocialInteractionsService.checkPrivileges(YggdrasilSocialInteractionsService.java:104) ~[authlib-2.3.31.jar:?]
	... 13 more
[23:10:10] [Render thread/INFO] (Minecraft) Setting user: Player577
[23:10:10] [Render thread/INFO] (Minecraft) [STDOUT]: Registering mod items for Loser's Bracket
[23:10:10] [Render thread/WARN] (FabricLoader/Mixin) @Inject(@At("INVOKE")) Shift.BY=3 on fabric-lifecycle-events-v1.mixins.json:client.WorldChunkMixin::handler$zeh000$onLoadBlockEntity exceeds the maximum allowed value: 0. Increase the value of maxShiftBy to suppress this warning.
[23:10:10] [Render thread/ERROR] (Minecraft) No data fixer registered for geoexampleentity
[23:10:10] [Render thread/ERROR] (Minecraft) No data fixer registered for bikeentity
[23:10:10] [Render thread/ERROR] (Minecraft) No data fixer registered for rocketprojectile
[23:10:11] [Render thread/INFO] (Minecraft) [STDOUT]: Registering mod entities for losers_bracket
[23:10:11] [Render thread/INFO] (Indigo) [Indigo] Registering Indigo renderer!
[23:10:12] [Render thread/INFO] (Minecraft) Backend library: LWJGL version 3.2.2 build 10
[23:10:17] [Render thread/INFO] (Minecraft) Narrator library for x64 successfully loaded
[23:10:17] [Render thread/INFO] (Minecraft) Reloading ResourceManager: Default, Fabric Mods (Fabric Loader, Fabric Tag Extensions (v0), Fabric Resource Loader (v0), Fabric Models (v0), Fabric Networking API (v1), Fabric Renderer API (v1), Fabric Game Test API (v1), Fabric Renderer Registries (v1), Fabric Tool Attribute API (v1), Loser's Bracket, Fabric Rendering (v0), Fabric Structure API (v1), Fabric Crash Report Info (v1), Fabric Entity Events (v1), Fabric Registry Sync (v0), Fabric API, Fabric Events Interaction (v0), Fabric Textures (v0), Fabric Lifecycle Events (v1), Fabric API Lookup API (v1), Fabric Object Builders (v0), Geckolib, Fabric Rendering Data Attachment (v1), Fabric Key Binding API (v1), Fabric Networking Block Entity (v0), Fabric Networking (v0), Fabric Item Groups (v0), Fabric Mining Levels (v0), Fabric Command API (v1), Fabric API Base, Fabric Renderer - Indigo, Fabric Loot Tables (v1), Fabric Transfer API (v1), Fabric BlockRenderLayer Registration (v1), Fabric Game Rule API (v1), Fabric Screen API (v1), Fabric Content Registries (v0), Fabric Containers (v0), Fabric Object Builder API (v1), Fabric Dimensions API (v1), Fabric Commands (v0), Fabric Screen Handler API (v1), Fabric Key Bindings (v0), Fabric Rendering Fluids (v1), Fabric Biome API (v1), Fabric Mining Level API (v1), Fabric Item API (v1), Fabric Rendering (v1), Fabric Particles (v1), Fabric Events Lifecycle (v0))
[23:10:20] [Realms Notification Availability checker #1/INFO] (Minecraft) Could not authorize you against Realms server: Invalid session id
[23:10:23] [Worker-Main-5/WARN] (Minecraft) Unable to load model: 'geckolib3:botariumblock#inventory' referenced from: geckolib3:botariumblock#inventory: java.io.FileNotFoundException: geckolib3:models/item/botariumblock.json
[23:10:23] [Worker-Main-5/WARN] (Minecraft) Unable to load model: 'geckolib3:fertilizerblock#inventory' referenced from: geckolib3:fertilizerblock#inventory: java.io.FileNotFoundException: geckolib3:models/item/fertilizerblock.json
[23:10:30] [Render thread/INFO] (Minecraft) OpenAL initialized.
[23:10:30] [Render thread/INFO] (Minecraft) Sound engine started
[23:10:31] [Render thread/INFO] (Minecraft) Created: 1024x1024x0 minecraft:textures/atlas/blocks.png-atlas
[23:10:31] [Render thread/INFO] (Minecraft) Created: 256x128x0 minecraft:textures/atlas/signs.png-atlas
[23:10:31] [Render thread/INFO] (Minecraft) Created: 1024x512x0 minecraft:textures/atlas/banner_patterns.png-atlas
[23:10:31] [Render thread/INFO] (Minecraft) Created: 1024x512x0 minecraft:textures/atlas/shield_patterns.png-atlas
[23:10:31] [Render thread/INFO] (Minecraft) Created: 256x256x0 minecraft:textures/atlas/chest.png-atlas
[23:10:31] [Render thread/INFO] (Minecraft) Created: 512x256x0 minecraft:textures/atlas/beds.png-atlas
[23:10:31] [Render thread/INFO] (Minecraft) Created: 512x256x0 minecraft:textures/atlas/shulker_boxes.png-atlas
[23:10:36] [Render thread/INFO] (Minecraft) Created: 256x256x0 minecraft:textures/atlas/particles.png-atlas
[23:10:36] [Render thread/INFO] (Minecraft) Created: 256x256x0 minecraft:textures/atlas/paintings.png-atlas
[23:10:36] [Render thread/INFO] (Minecraft) Created: 256x128x0 minecraft:textures/atlas/mob_effects.png-atlas
[23:10:57] [Render thread/WARN] (Minecraft) Ambiguity between arguments [teleport, location] and [teleport, destination] with inputs: [0.1 -0.5 .9, 0 0 0]
[23:10:57] [Render thread/WARN] (Minecraft) Ambiguity between arguments [teleport, location] and [teleport, targets] with inputs: [0.1 -0.5 .9, 0 0 0]
[23:10:57] [Render thread/WARN] (Minecraft) Ambiguity between arguments [teleport, destination] and [teleport, targets] with inputs: [Player, 0123, @e, dd12be42-52a9-4a91-a8a1-11c01849e498]
[23:10:57] [Render thread/WARN] (Minecraft) Ambiguity between arguments [teleport, targets] and [teleport, destination] with inputs: [Player, 0123, dd12be42-52a9-4a91-a8a1-11c01849e498]
[23:10:57] [Render thread/WARN] (Minecraft) Ambiguity between arguments [teleport, targets, location] and [teleport, targets, destination] with inputs: [0.1 -0.5 .9, 0 0 0]
[23:10:57] [Render thread/INFO] (Minecraft) Reloading ResourceManager: Default, Fabric Mods (Fabric Game Test API (v1), Fabric Tool Attribute API (v1))
[23:10:58] [Render thread/INFO] (Minecraft) Loaded 7 recipes
[23:10:59] [Render thread/INFO] (Minecraft) Loaded 1137 advancements
[23:10:59] [Render thread/INFO] (BiomeModificationImpl) Applied 0 biome modifications to 0 of 81 new biomes in 3.832 ms
[23:11:02] [Render thread/INFO] (Minecraft) Environment: authHost='https://authserver.mojang.com', accountsHost='https://api.mojang.com', sessionHost='https://sessionserver.mojang.com', servicesHost='https://api.minecraftservices.com', name='PROD'
[23:11:02] [Server thread/INFO] (Minecraft) Starting integrated minecraft server version 1.17.1
[23:11:02] [Server thread/INFO] (Minecraft) Generating keypair
[23:11:03] [Server thread/INFO] (Minecraft) Preparing start region for dimension minecraft:overworld
[23:11:05] [Render thread/INFO] (Minecraft) Preparing spawn area: 0%
[23:11:05] [Render thread/INFO] (Minecraft) Preparing spawn area: 0%
[23:11:05] [Render thread/INFO] (Minecraft) Preparing spawn area: 0%
[23:11:05] [Render thread/INFO] (Minecraft) Preparing spawn area: 0%
[23:11:06] [Render thread/INFO] (Minecraft) Preparing spawn area: 0%
[23:11:06] [Render thread/INFO] (Minecraft) Preparing spawn area: 0%
[23:11:07] [Render thread/INFO] (Minecraft) Preparing spawn area: 0%
[23:11:07] [Render thread/INFO] (Minecraft) Preparing spawn area: 0%
[23:11:09] [Render thread/INFO] (Minecraft) Preparing spawn area: 3%
[23:11:09] [Render thread/INFO] (Minecraft) Preparing spawn area: 3%
[23:11:09] [Render thread/INFO] (Minecraft) Preparing spawn area: 3%
[23:11:09] [Render thread/INFO] (Minecraft) Preparing spawn area: 12%
[23:11:11] [Render thread/INFO] (Minecraft) Preparing spawn area: 28%
[23:11:11] [Render thread/INFO] (Minecraft) Preparing spawn area: 28%
[23:11:11] [Render thread/INFO] (Minecraft) Preparing spawn area: 28%
[23:11:11] [Render thread/INFO] (Minecraft) Preparing spawn area: 28%
[23:11:12] [Render thread/INFO] (Minecraft) Preparing spawn area: 35%
[23:11:12] [Render thread/INFO] (Minecraft) Preparing spawn area: 35%
[23:11:13] [Render thread/INFO] (Minecraft) Preparing spawn area: 53%
[23:11:14] [Render thread/INFO] (Minecraft) Preparing spawn area: 53%
[23:11:14] [Render thread/INFO] (Minecraft) Preparing spawn area: 53%
[23:11:14] [Render thread/INFO] (Minecraft) Preparing spawn area: 83%
[23:11:17] [Render thread/INFO] (Minecraft) Preparing spawn area: 83%
[23:11:17] [Render thread/INFO] (Minecraft) Preparing spawn area: 83%
[23:11:17] [Render thread/INFO] (Minecraft) Preparing spawn area: 83%
[23:11:17] [Render thread/INFO] (Minecraft) Preparing spawn area: 83%
[23:11:17] [Render thread/INFO] (Minecraft) Preparing spawn area: 83%
[23:11:17] [Render thread/INFO] (Minecraft) Time elapsed: 13830 ms
[23:11:18] [Server thread/INFO] (Minecraft) Changing view distance to 2, from 10
[23:11:21] [Server thread/INFO] (Minecraft) Player577[local:E:e27b52c9] logged in with entity id 22 at (223.05091872567942, 4.0, -17.78826731765072)
[23:11:21] [Server thread/INFO] (Minecraft) Player577 joined the game
[23:11:26] [Server thread/INFO] (Minecraft) Saving and pausing game...
[23:11:26] [Server thread/INFO] (Minecraft) Saving chunks for level 'ServerLevel[Test]'/minecraft:overworld
[23:11:26] [Render thread/INFO] (Minecraft) Loaded 3 advancements
[23:11:26] [Server thread/INFO] (Minecraft) Saving chunks for level 'ServerLevel[Test]'/minecraft:the_nether
[23:11:26] [Server thread/INFO] (Minecraft) Saving chunks for level 'ServerLevel[Test]'/minecraft:the_end
[23:12:08] [Server thread/INFO] (Minecraft) Saving and pausing game...
[23:12:08] [Server thread/INFO] (Minecraft) Saving chunks for level 'ServerLevel[Test]'/minecraft:overworld
[23:12:08] [Server thread/INFO] (Minecraft) Saving chunks for level 'ServerLevel[Test]'/minecraft:the_nether
[23:12:08] [Server thread/INFO] (Minecraft) Saving chunks for level 'ServerLevel[Test]'/minecraft:the_end
[23:12:09] [Server thread/INFO] (Minecraft) Player577 lost connection: Disconnected
[23:12:09] [Server thread/INFO] (Minecraft) Player577 left the game
[23:12:09] [Server thread/INFO] (Minecraft) Stopping singleplayer server as player logged out
[23:12:09] [Server thread/INFO] (Minecraft) Stopping server
[23:12:09] [Server thread/INFO] (Minecraft) Saving players
[23:12:09] [Server thread/INFO] (Minecraft) Saving worlds
[23:12:09] [Server thread/INFO] (Minecraft) Saving chunks for level 'ServerLevel[Test]'/minecraft:overworld
[23:12:09] [Server thread/INFO] (Minecraft) Saving chunks for level 'ServerLevel[Test]'/minecraft:the_nether
[23:12:09] [Server thread/INFO] (Minecraft) Saving chunks for level 'ServerLevel[Test]'/minecraft:the_end
[23:12:09] [Server thread/INFO] (Minecraft) ThreadedAnvilChunkStorage (Test): All chunks are saved
[23:12:09] [Server thread/INFO] (Minecraft) ThreadedAnvilChunkStorage (DIM-1): All chunks are saved
[23:12:09] [Server thread/INFO] (Minecraft) ThreadedAnvilChunkStorage (DIM1): All chunks are saved
[23:12:09] [Server thread/INFO] (Minecraft) ThreadedAnvilChunkStorage: All dimensions are saved
[23:12:11] [Render thread/INFO] (Minecraft) Stopping!
